app/build/outputs/logs/manifest-merger-debug-report.txt
-- Merging decision tree log ---
manifest
ADDED from src/main/AndroidManifest.xml:2:1-51:12
	package
		ADDED from src/main/AndroidManifest.xml:3:5-29
		INJECTED from src/main/AndroidManifest.xml
		INJECTED from src/main/AndroidManifest.xml
	android:versionName
		ADDED from src/main/AndroidManifest.xml:5:5-37
		INJECTED from src/main/AndroidManifest.xml
		INJECTED from src/main/AndroidManifest.xml
	android:versionCode
		ADDED from src/main/AndroidManifest.xml:4:5-29
		INJECTED from src/main/AndroidManifest.xml
		INJECTED from src/main/AndroidManifest.xml
	xmlns:android
		ADDED from src/main/AndroidManifest.xml:2:11-69
uses-sdk
ADDED from src/main/AndroidManifest.xml:7:5-9:41
	android:targetSdkVersion
		ADDED from src/main/AndroidManifest.xml:9:9-38
		INJECTED from src/main/AndroidManifest.xml
		INJECTED from src/main/AndroidManifest.xml
	android:minSdkVersion
		ADDED from src/main/AndroidManifest.xml:8:9-35
		INJECTED from src/main/AndroidManifest.xml
		INJECTED from src/main/AndroidManifest.xml
uses-permission#android.permission.NFC
ADDED from src/main/AndroidManifest.xml:11:5-62
	android:name
		ADDED from src/main/AndroidManifest.xml:11:22-59
uses-feature#android.hardware.nfc
ADDED from src/main/AndroidManifest.xml:13:5-15:35
	android:required
		ADDED from src/main/AndroidManifest.xml:15:9-32
	android:name
		ADDED from src/main/AndroidManifest.xml:14:9-44
application
ADDED from src/main/AndroidManifest.xml:17:5-49:19
	android:label
		ADDED from src/main/AndroidManifest.xml:22:9-41
	android:hardwareAccelerated
		ADDED from src/main/AndroidManifest.xml:20:9-43
	android:allowBackup
		ADDED from src/main/AndroidManifest.xml:19:9-36
	android:icon
		ADDED from src/main/AndroidManifest.xml:21:9-40
	android:theme
		ADDED from src/main/AndroidManifest.xml:23:9-40
	android:name
		ADDED from src/main/AndroidManifest.xml:18:9-54
meta-data#android.nfc.disable_beam_default
ADDED from src/main/AndroidManifest.xml:24:9-26:36
	android:value
		ADDED from src/main/AndroidManifest.xml:26:13-33
	android:name
		ADDED from src/main/AndroidManifest.xml:25:13-60
activity#com.sinpo.xnfc.MainActivity
ADDED from src/main/AndroidManifest.xml:28:9-48:20
	android:label
		ADDED from src/main/AndroidManifest.xml:32:13-45
	android:launchMode
		ADDED from src/main/AndroidManifest.xml:33:13-44
	android:windowSoftInputMode
		ADDED from src/main/AndroidManifest.xml:34:13-78
	android:configChanges
		ADDED from src/main/AndroidManifest.xml:31:13-59
	android:alwaysRetainTaskState
		ADDED from src/main/AndroidManifest.xml:30:13-50
	android:name
		ADDED from src/main/AndroidManifest.xml:29:13-55
intent-filter#android.intent.action.MAIN+android.intent.category.LAUNCHER
ADDED from src/main/AndroidManifest.xml:35:13-39:29
action#android.intent.action.MAIN
ADDED from src/main/AndroidManifest.xml:36:17-69
	android:name
		ADDED from src/main/AndroidManifest.xml:36:25-66
category#android.intent.category.LAUNCHER
ADDED from src/main/AndroidManifest.xml:38:17-77
	android:name
		ADDED from src/main/AndroidManifest.xml:38:27-74
intent-filter#android.nfc.action.TAG_DISCOVERED+android.nfc.action.TECH_DISCOVERED
ADDED from src/main/AndroidManifest.xml:40:13-43:29
action#android.nfc.action.TECH_DISCOVERED
ADDED from src/main/AndroidManifest.xml:41:17-77
	android:name
		ADDED from src/main/AndroidManifest.xml:41:25-74
action#android.nfc.action.TAG_DISCOVERED
ADDED from src/main/AndroidManifest.xml:42:17-76
	android:name
		ADDED from src/main/AndroidManifest.xml:42:25-73
meta-data#android.nfc.action.TECH_DISCOVERED
ADDED from src/main/AndroidManifest.xml:45:13-47:59
	android:resource
		ADDED from src/main/AndroidManifest.xml:47:17-56
	android:name
		ADDED from src/main/AndroidManifest.xml:46:17-66